Starting preprocessing of the model file ...
Found 25 equation(s).
Evaluating expressions...done
Computing static model derivatives (order 1).
Computing dynamic model derivatives (order 2).
Processing outputs ...
done
Preprocessing completed.

STEADY-STATE RESULTS:

Ft      		 0.326013
ht      		 1.00748
xi      		 1.08946
xf      		 1.57507
xt      		 1.55168
xt1     		 1.34719
x1      		 1.08543
pt      		 12.4413
mt      		 0.975157
Tt      		 0.185658
lt      		 0.000435368
qt      		 1.03674
kt      		 0.396301
it      		 0.0257414
x2      		 1.09354
ct      		 0.64
At      		 1
at      		 0
ft      		 2.75845
rt      		 0.629126
welf    		 -1.4566
util    		 -0.5625
welfeq  		 -1.4566
welfgap 		 0
rho     		 0.0821

EIGENVALUES:
         Modulus             Real        Imaginary

       1.926e-16        1.926e-16                0
        7.74e-16         7.74e-16                0
           0.818            0.818                0
            0.95             0.95                0
            0.95             0.95                0
           1.629            1.629                0
           1.821            1.821                0
       7.153e+17       -7.153e+17                0


There are 3 eigenvalue(s) larger than 1 in modulus 
for 3 forward-looking variable(s)

The rank condition is verified.


MODEL SUMMARY

  Number of variables:         25
  Number of stochastic shocks: 2
  Number of state variables:   5
  Number of jumpers:           3
  Number of static variables:  17


MATRIX OF COVARIANCE OF EXOGENOUS SHOCKS
Variables         e_a       e_f
e_a          0.000010  0.000000
e_f          0.000000  0.000010

POLICY AND TRANSITION FUNCTIONS
                                  pt              ct              kt              x1              x2             xt1              it
Constant                   12.441444        0.639997        0.396293        1.085419        1.093550        1.347166        0.025780
(correction)                0.000104       -0.000003       -0.000008       -0.000008        0.000005       -0.000024        0.000039
pt(-1)                     -0.450151        0.037299        0.023096               0               0               0               0
ct(-1)                    -17.501507        1.450151        0.897964               0               0               0               0
at(-1)                    -38.830085        0.998737        2.447358        2.144064       -1.260865        6.637508      -10.667293
ft(-1)                     11.629148       -0.299110       -0.824239       -0.645078        0.548148       -2.195096        3.735776
rt(-1)                     -3.437721        0.284845        0.176382               0               0               0               0
e_a                       -40.873773        1.051302        2.576166        2.256910       -1.327226        6.986851      -11.228730
e_f                        12.241209       -0.314852       -0.867620       -0.679029        0.576998       -2.310628        3.932396
pt(-1),pt(-1)               0.026235       -0.000412       -0.000255               0               0               0               0
ct(-1),pt(-1)               0.633237        0.084514        0.052333               0               0               0               0
ct(-1),ct(-1)              25.982930        0.509990        0.315796               0               0               0               0
at(-1),pt(-1)               1.404945        0.058206        0.142631               0               0               0               0
at(-1),ct(-1)              54.623136        2.262999        5.545373               0               0               0               0
at(-1),at(-1)             144.125969       -1.369187       -1.314517        3.931133        6.563102       25.227064      -45.897562
ft(-1),pt(-1)              -0.420764       -0.017432       -0.048036               0               0               0               0
ft(-1),ct(-1)             -16.358979       -0.677741       -1.867611               0               0               0               0
ft(-1),at(-1)             -46.314046       -0.209077       -2.776270       -5.056232       -2.561515      -24.802429       46.768222
ft(-1),ft(-1)              -3.965738        0.311689        1.329264        1.454456       -0.025975        6.129848      -11.638792
rt(-1),pt(-1)               0.124383        0.016601        0.010279               0               0               0               0
rt(-1),ct(-1)               4.835918        0.645419        0.399657               0               0               0               0
rt(-1),at(-1)              10.729311        0.444508        1.089246               0               0               0               0
rt(-1),ft(-1)              -3.213301       -0.133125       -0.366844               0               0               0               0
rt(-1),rt(-1)               1.530027       -0.024035       -0.014883               0               0               0               0
e_a,e_a                   159.696365       -1.517105       -1.456528        4.355826        7.272135       27.952425      -50.856024
e_f,e_a                   -51.317502       -0.231664       -3.076200       -5.602473       -2.838243      -27.481916       51.820744
e_f,e_f                    -4.394169        0.345362        1.472868        1.611586       -0.028782        6.792076      -12.896168
pt(-1),e_a                  1.478890        0.061269        0.150138               0               0               0               0
pt(-1),e_f                 -0.442910       -0.018349       -0.050564               0               0               0               0
ct(-1),e_a                 57.498038        2.382105        5.837235               0               0               0               0
ct(-1),e_f                -17.219978       -0.713412       -1.965906               0               0               0               0
at(-1),e_a                303.423093       -2.882500       -2.767404        8.276069       13.817056       53.109608      -96.626446
at(-1),e_f                -48.751627       -0.220081       -2.922390       -5.322349       -2.696331      -26.107820       49.229707
ft(-1),e_a                -48.751627       -0.220081       -2.922390       -5.322349       -2.696331      -26.107820       49.229707
ft(-1),e_f                 -8.348921        0.656188        2.798450        3.062013       -0.054685       12.904944      -24.502720
rt(-1),e_a                 11.294011        0.467903        1.146575               0               0               0               0
rt(-1),e_f                 -3.382422       -0.140131       -0.386152               0               0               0               0


APPROXIMATED THEORETICAL MOMENTS
VARIABLE         MEAN  STD. DEV.   VARIANCE
pt            12.4275     0.3099     0.0960
ct             0.6432     0.0395     0.0016
kt             0.3970     0.0154     0.0002
x1             1.0860     0.0239     0.0006
x2             1.0943     0.0147     0.0002
xt1            1.3507     0.0745     0.0056
it             0.0192     0.1205     0.0145



APPROXIMATED VARIANCE DECOMPOSITION (in percent)
          e_a     e_f
pt      73.39   26.61
ct      78.15   21.85
kt      79.29   20.71
x1      91.70    8.30
x2      84.10   15.90
xt1     90.14    9.86
it      89.08   10.92



APPROXIMATED MATRIX OF CORRELATIONS
Variables        pt      ct      kt      x1      x2     xt1      it
pt           1.0000 -0.7928 -0.9404  0.2273 -0.2563  0.2343 -0.2387
ct          -0.7928  1.0000  0.5413 -0.7737  0.7882 -0.7780  0.7805
kt          -0.9404  0.5413  1.0000  0.1127 -0.0873  0.1070 -0.1032
x1           0.2273 -0.7737  0.1127  1.0000 -0.9931  0.9996 -0.9990
x2          -0.2563  0.7882 -0.0873 -0.9931  1.0000 -0.9959  0.9973
xt1          0.2343 -0.7780  0.1070  0.9996 -0.9959  1.0000 -0.9998
it          -0.2387  0.7805 -0.1032 -0.9990  0.9973 -0.9998  1.0000



APPROXIMATED COEFFICIENTS OF AUTOCORRELATION
Order          1       2       3       4       5
pt        0.8785  0.7761  0.6895  0.6159  0.5531
ct        0.9875  0.9688  0.9454  0.9187  0.8895
kt        0.8118  0.6582  0.5328  0.4305  0.3471
x1        0.9500  0.9025  0.8574  0.8145  0.7738
x2        0.9500  0.9025  0.8574  0.8145  0.7738
xt1       0.9500  0.9025  0.8574  0.8145  0.7738
it        0.9500  0.9025  0.8574  0.8145  0.7738

outvalue =

    0.0047


outvalue =

    0.0047


outvalue =

   -4.0406


outvalue =

   -4.0400


outvalue =

   -4.0390


outvalue =

   -4.0374


outvalue =

   -4.0348


outvalue =

   -4.0303


outvalue =

   -4.0229


outvalue =

   -4.0107


outvalue =

   -3.9905


outvalue =

   -3.9572


outvalue =

   -3.9029


outvalue =

   -3.8157


outvalue =

   -3.6788


outvalue =

   -3.4711


outvalue =

   -3.1725


outvalue =

   -2.7746


outvalue =

   -2.2946


outvalue =

   -1.7808


outvalue =

   -1.2962


outvalue =

   -0.8911


outvalue =

   -0.5850


outvalue =

   -0.3710


outvalue =

   -0.2294


outvalue =

   -0.1391


outvalue =

   -0.0829


outvalue =

   -0.0483


outvalue =

   -0.0273


outvalue =

   -0.0146


outvalue =

   -0.0069


outvalue =

   -0.0023


outvalue =

   -0.0023


outvalue =

   1.2834e-06


outvalue =

   5.3202e-06


outvalue =

   1.6888e-12


MODEL SUMMARY

  Number of variables:         25
  Number of stochastic shocks: 2
  Number of state variables:   5
  Number of jumpers:           3
  Number of static variables:  17


MATRIX OF COVARIANCE OF EXOGENOUS SHOCKS
Variables         e_a       e_f
e_a          0.000010  0.000000
e_f          0.000000  0.000010

POLICY AND TRANSITION FUNCTIONS
                                  pt              ct              kt              x1              x2             xt1              it
Constant                   12.441444        0.639997        0.396293        1.085419        1.093550        1.347166        0.025780
(correction)                0.000104       -0.000003       -0.000008       -0.000008        0.000005       -0.000024        0.000039
pt(-1)                     -0.450151        0.037299        0.023096               0               0               0               0
ct(-1)                    -17.501507        1.450151        0.897964               0               0               0               0
at(-1)                    -38.830085        0.998737        2.447358        2.144064       -1.260865        6.637508      -10.667293
ft(-1)                     11.629148       -0.299110       -0.824239       -0.645078        0.548148       -2.195096        3.735776
rt(-1)                     -3.437721        0.284845        0.176382               0               0               0               0
e_a                       -40.873773        1.051302        2.576166        2.256910       -1.327226        6.986851      -11.228730
e_f                        12.241209       -0.314852       -0.867620       -0.679029        0.576998       -2.310628        3.932396
pt(-1),pt(-1)               0.026235       -0.000412       -0.000255               0               0               0               0
ct(-1),pt(-1)               0.633237        0.084514        0.052333               0               0               0               0
ct(-1),ct(-1)              25.982930        0.509990        0.315796               0               0               0               0
at(-1),pt(-1)               1.404945        0.058206        0.142631               0               0               0               0
at(-1),ct(-1)              54.623136        2.262999        5.545373               0               0               0               0
at(-1),at(-1)             144.125969       -1.369187       -1.314517        3.931133        6.563102       25.227064      -45.897562
ft(-1),pt(-1)              -0.420764       -0.017432       -0.048036               0               0               0               0
ft(-1),ct(-1)             -16.358979       -0.677741       -1.867611               0               0               0               0
ft(-1),at(-1)             -46.314046       -0.209077       -2.776270       -5.056232       -2.561515      -24.802429       46.768222
ft(-1),ft(-1)              -3.965738        0.311689        1.329264        1.454456       -0.025975        6.129848      -11.638792
rt(-1),pt(-1)               0.124383        0.016601        0.010279               0               0               0               0
rt(-1),ct(-1)               4.835918        0.645419        0.399657               0               0               0               0
rt(-1),at(-1)              10.729311        0.444508        1.089246               0               0               0               0
rt(-1),ft(-1)              -3.213301       -0.133125       -0.366844               0               0               0               0
rt(-1),rt(-1)               1.530027       -0.024035       -0.014883               0               0               0               0
e_a,e_a                   159.696365       -1.517105       -1.456528        4.355826        7.272135       27.952425      -50.856024
e_f,e_a                   -51.317502       -0.231664       -3.076200       -5.602473       -2.838243      -27.481916       51.820744
e_f,e_f                    -4.394169        0.345362        1.472868        1.611586       -0.028782        6.792076      -12.896168
pt(-1),e_a                  1.478890        0.061269        0.150138               0               0               0               0
pt(-1),e_f                 -0.442910       -0.018349       -0.050564               0               0               0               0
ct(-1),e_a                 57.498038        2.382105        5.837235               0               0               0               0
ct(-1),e_f                -17.219978       -0.713412       -1.965906               0               0               0               0
at(-1),e_a                303.423093       -2.882500       -2.767404        8.276069       13.817056       53.109608      -96.626446
at(-1),e_f                -48.751627       -0.220081       -2.922390       -5.322349       -2.696331      -26.107820       49.229707
ft(-1),e_a                -48.751627       -0.220081       -2.922390       -5.322349       -2.696331      -26.107820       49.229707
ft(-1),e_f                 -8.348921        0.656188        2.798450        3.062013       -0.054685       12.904944      -24.502720
rt(-1),e_a                 11.294011        0.467903        1.146575               0               0               0               0
rt(-1),e_f                 -3.382422       -0.140131       -0.386152               0               0               0               0


APPROXIMATED THEORETICAL MOMENTS
VARIABLE         MEAN  STD. DEV.   VARIANCE
pt            12.4275     0.3099     0.0960
ct             0.6432     0.0395     0.0016
kt             0.3970     0.0154     0.0002
x1             1.0860     0.0239     0.0006
x2             1.0943     0.0147     0.0002
xt1            1.3507     0.0745     0.0056
it             0.0192     0.1205     0.0145



APPROXIMATED VARIANCE DECOMPOSITION (in percent)
          e_a     e_f
pt      73.39   26.61
ct      78.15   21.85
kt      79.29   20.71
x1      91.70    8.30
x2      84.10   15.90
xt1     90.14    9.86
it      89.08   10.92



APPROXIMATED MATRIX OF CORRELATIONS
Variables        pt      ct      kt      x1      x2     xt1      it
pt           1.0000 -0.7928 -0.9404  0.2273 -0.2563  0.2343 -0.2387
ct          -0.7928  1.0000  0.5413 -0.7737  0.7882 -0.7780  0.7805
kt          -0.9404  0.5413  1.0000  0.1127 -0.0873  0.1070 -0.1032
x1           0.2273 -0.7737  0.1127  1.0000 -0.9931  0.9996 -0.9990
x2          -0.2563  0.7882 -0.0873 -0.9931  1.0000 -0.9959  0.9973
xt1          0.2343 -0.7780  0.1070  0.9996 -0.9959  1.0000 -0.9998
it          -0.2387  0.7805 -0.1032 -0.9990  0.9973 -0.9998  1.0000



APPROXIMATED COEFFICIENTS OF AUTOCORRELATION
Order          1       2       3       4       5
pt        0.8785  0.7761  0.6895  0.6159  0.5531
ct        0.9875  0.9688  0.9454  0.9187  0.8895
kt        0.8118  0.6582  0.5328  0.4305  0.3471
x1        0.9500  0.9025  0.8574  0.8145  0.7738
x2        0.9500  0.9025  0.8574  0.8145  0.7738
xt1       0.9500  0.9025  0.8574  0.8145  0.7738
it        0.9500  0.9025  0.8574  0.8145  0.7738
Total computing time : 0h00m33s
