Starting preprocessing of the model file ...
Found 25 equation(s).
Evaluating expressions...done
Computing static model derivatives (order 1).
Computing dynamic model derivatives (order 2).
Processing outputs ...
done
Preprocessing completed.
introspective.errorDocCallback('dynare', 'C:\dynare\4.6.4\matlab\dynare.m', 293)" style="font-weight:bold">dynare</a> (<a href="matlab: opentoline('C:\dynare\4.6.4\matlab\dynare.m',293,0)">line 293</a>)
evalin('base',[fname '.driver']) ;

Error in <a href="matlab:matlab.internal.language.introspective.errorDocCallback('E7policy_rho_irf', 'D:\modelo-informalidad\modelo_con_interés_con_política\E7policy_rho_irf.m', 26)" style="font-weight:bold">E7policy_rho_irf</a> (<a href="matlab: opentoline('D:\modelo-informalidad\modelo_con_interés_con_política\E7policy_rho_irf.m',26,0)">line 26</a>)
    dynare E1general_policy_model_rho -Dpun=1 -Drule1=1;

Using 64-bit preprocessor
Starting Dynare (version 4.6.4).
Calling Dynare with arguments: -Dpun=1 -Drule1=1
Starting preprocessing of the model file ...
Found 25 equation(s).
Evaluating expressions...done
Computing static model derivatives (order 1).
Computing dynamic model derivatives (order 2).
Processing outputs ...
done
Preprocessing completed.


STEADY-STATE RESULTS:

Ft      		 0.326013
ht      		 1.00748
xi      		 1.08946
xf      		 1.57507
xt      		 1.55168
xt1     		 1.34719
x1      		 1.08543
pt      		 12.4413
mt      		 0.975157
Tt      		 0.185658
lt      		 0.000435368
qt      		 1.03674
kt      		 0.396301
it      		 0.0257414
x2      		 1.09354
ct      		 0.64
At      		 1
at      		 0
ft      		 2.75845
rt      		 0.116816
welf    		 -5.37775
util    		 -0.5625
welfeq  		 -5.37775
welfgap 		 0
rho     		 0.0821

EIGENVALUES:
         Modulus             Real        Imaginary

       2.164e-16        2.164e-16                0
       4.917e-16        4.917e-16                0
          0.9242           0.9242                0
            0.95             0.95                0
            0.95             0.95                0
           1.117            1.117                0


There are 1 eigenvalue(s) larger than 1 in modulus 
for 1 forward-looking variable(s)

The rank condition is verified.


MODEL SUMMARY

  Number of variables:         25
  Number of stochastic shocks: 2
  Number of state variables:   5
  Number of jumpers:           1
  Number of static variables:  19


MATRIX OF COVARIANCE OF EXOGENOUS SHOCKS
Variables         e_a       e_f
e_a          0.000010  0.000000
e_f          0.000000  0.000010

POLICY AND TRANSITION FUNCTIONS
                                  pt              ct              kt              x1              x2             xt1              it
Constant                   12.441340        0.640000        0.396301        1.085427        1.093545        1.347190        0.025741
pt(-1)                     -0.450151        0.037299        0.023096               0               0               0               0
ct(-1)                    -17.501507        1.450151        0.897964               0               0               0               0
at(-1)                    -23.773988        0.611484        1.253202        1.025255       -0.602924        3.173944       -5.100919
ft(-1)                      5.083665       -0.130755       -0.305092       -0.158687        0.262115       -0.689347        1.315852
rt(-1)                     -5.014685        0.415510        0.257292               0               0               0               0
e_a                       -25.025251        0.643667        1.319160        1.079216       -0.634657        3.340994       -5.369389
e_f                         5.351226       -0.137637       -0.321149       -0.167039        0.275911       -0.725629        1.385107
pt(-1),pt(-1)               0.026235       -0.000412       -0.000255               0               0               0               0
ct(-1),pt(-1)               0.633237        0.084514        0.052333               0               0               0               0
ct(-1),ct(-1)              25.982930        0.509990        0.315796               0               0               0               0
at(-1),pt(-1)               0.860188        0.035637        0.073036               0               0               0               0
at(-1),ct(-1)              33.443394        1.385537        2.839581               0               0               0               0
at(-1),at(-1)              37.103825       -0.077979        0.183877        1.081648        1.393238        6.334174      -11.404167
ft(-1),pt(-1)              -0.183937       -0.007620       -0.017781               0               0               0               0
ft(-1),ct(-1)              -7.151303       -0.296274       -0.691296               0               0               0               0
ft(-1),at(-1)              -9.748695       -0.124045       -0.624330       -0.456112       -0.453029       -2.954331        6.889396
ft(-1),ft(-1)              -0.779151        0.060111        0.201274        0.078163       -0.015514        0.465523       -1.244050
rt(-1),pt(-1)               0.181441        0.024216        0.014995               0               0               0               0
rt(-1),ct(-1)               7.054268        0.941488        0.582989               0               0               0               0
rt(-1),at(-1)               9.582494        0.396996        0.813622               0               0               0               0
rt(-1),ft(-1)              -2.049054       -0.084891       -0.198076               0               0               0               0
rt(-1),rt(-1)               3.255706       -0.051143       -0.031669               0               0               0               0
e_a,e_a                    41.112271       -0.086404        0.203742        1.198502        1.543754        7.018475      -12.636196
e_f,e_a                   -10.801878       -0.137446       -0.691778       -0.505387       -0.501971       -3.273497        7.633680
e_f,e_f                    -0.863325        0.066605        0.223018        0.086607       -0.017191        0.515814       -1.378448
pt(-1),e_a                  0.905461        0.037513        0.076880               0               0               0               0
pt(-1),e_f                 -0.193617       -0.008021       -0.018716               0               0               0               0
ct(-1),e_a                 35.203573        1.458460        2.989032               0               0               0               0
ct(-1),e_f                 -7.527687       -0.311867       -0.727680               0               0               0               0
at(-1),e_a                 78.113315       -0.164167        0.387110        2.277153        2.933132       13.335102      -24.008772
at(-1),e_f                -10.261785       -0.130574       -0.657189       -0.480118       -0.476872       -3.109822        7.251996
ft(-1),e_a                -10.261785       -0.130574       -0.657189       -0.480118       -0.476872       -3.109822        7.251996
ft(-1),e_f                 -1.640317        0.126550        0.423734        0.164554       -0.032662        0.980047       -2.619052
rt(-1),e_a                 10.086836        0.417891        0.856444               0               0               0               0
rt(-1),e_f                 -2.156899       -0.089359       -0.208501               0               0               0               0


APPROXIMATED THEORETICAL MOMENTS
VARIABLE         MEAN  STD. DEV.   VARIANCE
pt            12.4402     0.2703     0.0731
ct             0.6405     0.0077     0.0001
kt             0.3966     0.0143     0.0002
x1             1.0856     0.0111     0.0001
x2             1.0937     0.0070     0.0000
xt1            1.3480     0.0346     0.0012
it             0.0243     0.0562     0.0032



APPROXIMATED VARIANCE DECOMPOSITION (in percent)
          e_a     e_f
pt      97.32    2.68
ct      98.57    1.43
kt      96.35    3.65
x1      97.66    2.34
x2      84.10   15.90
xt1     95.50    4.50
it      93.76    6.24



APPROXIMATED MATRIX OF CORRELATIONS
Variables        pt      ct      kt      x1      x2     xt1      it
pt           1.0000 -0.9899 -0.9996 -0.9985  0.9676 -0.9971  0.9943
ct          -0.9899  1.0000  0.9866  0.9835 -0.9287  0.9763 -0.9699
kt          -0.9996  0.9866  1.0000  0.9980 -0.9744  0.9983 -0.9966
x1          -0.9985  0.9835  0.9980  1.0000 -0.9673  0.9982 -0.9951
x2           0.9676 -0.9287 -0.9744 -0.9673  1.0000 -0.9808  0.9876
xt1         -0.9971  0.9763  0.9983  0.9982 -0.9808  1.0000 -0.9993
it           0.9943 -0.9699 -0.9966 -0.9951  0.9876 -0.9993  1.0000



APPROXIMATED COEFFICIENTS OF AUTOCORRELATION
Order          1       2       3       4       5
pt        0.9541  0.9102  0.8682  0.8281  0.7897
ct        0.9627  0.9264  0.8909  0.8564  0.8229
kt        0.9539  0.9097  0.8675  0.8272  0.7887
x1        0.9500  0.9025  0.8574  0.8145  0.7738
x2        0.9500  0.9025  0.8574  0.8145  0.7738
xt1       0.9500  0.9025  0.8574  0.8145  0.7738
it        0.9500  0.9025  0.8574  0.8145  0.7738
-----------------
-----------------
f at the beginning of new iteration,         5.3766718254
x =               0
Predicted improvement:        0.000000000
lambda =          1; f =            5.3766718
lambda =     1.9332; f =            5.3766718
lambda =     3.7372; f =            5.3766718
lambda =     7.2247; f =            5.3766718
lambda =     13.967; f =            5.3766718
lambda =         27; f =            5.3766718
lambda =     52.196; f =            5.3766718
lambda =      100.9; f =            5.3766718
lambda =     195.07; f =            5.3766718
lambda =      377.1; f =            5.3766718
lambda =        729; f =            5.3766718
lambda =     1409.3; f =            5.3766718
lambda =     2724.4; f =            5.3766717
lambda =     5266.8; f =            5.3766717
lambda =      10182; f =            5.3766715
lambda =      19683; f =            5.3766712
lambda =      38051; f =            5.3766707
lambda =      73559; f =            5.3766696
lambda =  1.422e+05; f =            5.3766676
lambda =  2.749e+05; f =            5.3766636
lambda = 5.3144e+05; f =            5.3766559
lambda = 1.0274e+06; f =            5.3766406
lambda = 1.9861e+06; f =            5.3766102
lambda = 3.8395e+06; f =            5.3765477
lambda = 7.4224e+06; f =            5.3764115
lambda = 1.4349e+07; f =            5.3760789
lambda = 2.7739e+07; f =            5.3750525
lambda = 5.3625e+07; f =            5.3696523
Unable to perform assignment because the left and right sides have a
different number of elements.

Error in <a href="matlab:matlab.internal.language.introspective.errorDocCallback('dyn_first_order_solver', 'C:\dynare\4.6.4\matlab\dyn_first_order_solver.m', 227)" style="font-weight:bold">dyn_first_order_solver</a> (<a href="matlab: opentoline('C:\dynare\4.6.4\matlab\dyn_first_order_solver.m',227,0)">line 227</a>)
        info(2) = temp'*temp;

Error in <a href="matlab:matlab.internal.language.introspective.errorDocCallback('stochastic_solvers', 'C:\dynare\4.6.4\matlab\stochastic_solvers.m', 262)" style="font-weight:bold">stochastic_solvers</a> (<a href="matlab: opentoline('C:\dynare\4.6.4\matlab\stochastic_solvers.m',262,0)">line 262</a>)
        [dr,info] =
        dyn_first_order_solver(jacobia_,M_,dr,options_,task);

Error in <a href="matlab:matlab.internal.language.introspective.errorDocCallback('resol', 'C:\dynare\4.6.4\matlab\resol.m', 120)" style="font-weight:bold">resol</a> (<a href="matlab: opentoline('C:\dynare\4.6.4\matlab\resol.m',120,0)">line 120</a>)
    [dr,info] = stochastic_solvers(dr,check_flag,M,options,oo);

Error in <a href="matlab:matlab.internal.language.introspective.errorDocCallback('E3welfare_objectiveN', 'D:\modelo-informalidad\modelo_con_interés_con_política\E3welfare_objectiveN.m', 17)" style="font-weight:bold">E3welfare_objectiveN</a> (<a href="matlab: opentoline('D:\modelo-informalidad\modelo_con_interés_con_política\E3welfare_objectiveN.m',17,0)">line 17</a>)
[oo_.dr,info,M_,options_,oo_] = resol(0,M_,options_,oo_); %get
decision rules

Error in <a href="matlab:matlab.internal.language.introspective.errorDocCallback('csminit', 'C:\dynare\4.6.4\contrib\ms-sbvar\TZcode\MatlabFiles\csminit.m', 130)" style="font-weight:bold">csminit</a> (<a href="matlab: opentoline('C:\dynare\4.6.4\contrib\ms-sbvar\TZcode\MatlabFiles\csminit.m',130,0)">line 130</a>)
      f = feval(fcn,dxtest,varargin{:});

Error in <a href="matlab:matlab.internal.language.introspective.errorDocCallback('csminwel', 'C:\dynare\4.6.4\contrib\ms-sbvar\TZcode\MatlabFiles\csminwel.m', 101)" style="font-weight:bold">csminwel</a> (<a href="matlab: opentoline('C:\dynare\4.6.4\contrib\ms-sbvar\TZcode\MatlabFiles\csminwel.m',101,0)">line 101</a>)
   [f1 x1 fc retcode1] = csminit(fcn,x,f,g,badg,H,varargin{:});

Error in <a href="matlab:matlab.internal.language.introspective.errorDocCallback('E1general_policy_model_rho.driver', 'D:\modelo-informalidad\modelo_con_interés_con_política\+E1general_policy_model_rho\driver.m', 493)" style="font-weight:bold">E1general_policy_model_rho.driver</a> (<a href="matlab: opentoline('D:\modelo-informalidad\modelo_con_interés_con_política\+E1general_policy_model_rho\driver.m',493,0)">line 493</a>)
[fhat,x_opt_hat] =
csminwel(@E3welfare_objectiveN,x_start,H0,[],crit,nit,x_opt_name);

Error in <a href="matlab:matlab.internal.language.introspective.errorDocCallback('dynare', 'C:\dynare\4.6.4\matlab\dynare.m', 293)" style="font-weight:bold">dynare</a> (<a href="matlab: opentoline('C:\dynare\4.6.4\matlab\dynare.m',293,0)">line 293</a>)
evalin('base',[fname '.driver']) ;

Error in <a href="matlab:matlab.internal.language.introspective.errorDocCallback('E7policy_rho_irf', 'D:\modelo-informalidad\modelo_con_interés_con_política\E7policy_rho_irf.m', 26)" style="font-weight:bold">E7policy_rho_irf</a> (<a href="matlab: opentoline('D:\modelo-informalidad\modelo_con_interés_con_política\E7policy_rho_irf.m',26,0)">line 26</a>)
    dynare E1general_policy_model_rho -Dpun=1 -Drule1=1;

