Starting preprocessing of the model file ...
Found 25 equation(s).
Evaluating expressions...done
Computing static model derivatives (order 1).
Computing dynamic model derivatives (order 2).
Processing outputs ...
done
Preprocessing completed.

STEADY-STATE RESULTS:

Ft      		 0.440054
ht      		 1.02674
xi      		 1.17714
xf      		 1.73862
xt      		 1.65064
xt1     		 1.3942
x1      		 1.16189
pt      		 4.90207
mt      		 0.685462
Tt      		 0.195392
lt      		 0
qt      		 1.06538
kt      		 0.43538
it      		 0.0833961
x2      		 1.19296
ct      		 0.63
At      		 1
at      		 0
ft      		 1.87242
rt      		 0.0612491
welf    		 -10.176
util    		 -0.587302
welfeq  		 -10.176
welfgap 		 0
t       		 0.188

EIGENVALUES:
         Modulus             Real        Imaginary

        5.44e-17         5.44e-17                0
       2.292e-15       -2.292e-15                0
            0.95             0.95                0
            0.95             0.95                0
          0.9574           0.9574                0
           1.061            1.061                0
       1.588e+16       -1.588e+16                0
       2.169e+16        2.169e+16                0


There are 3 eigenvalue(s) larger than 1 in modulus 
for 3 forward-looking variable(s)

The rank condition is verified.


MODEL SUMMARY

  Number of variables:         25
  Number of stochastic shocks: 2
  Number of state variables:   5
  Number of jumpers:           3
  Number of static variables:  17


MATRIX OF COVARIANCE OF EXOGENOUS SHOCKS
Variables         e_a       e_f
e_a          0.000010  0.000000
e_f          0.000000  0.000010

POLICY AND TRANSITION FUNCTIONS
                                  pt              ct              kt              x1              x2             xt1              it
Constant                    4.902067        0.630000        0.435380        1.161894        1.192962        1.394205        0.083396
pt(-1)                     -0.476510        0.094878        0.065569               0               0               0               0
ct(-1)                     -7.415506        1.476510        1.020387               0               0               0               0
at(-1)                    -16.305429        1.047764        2.747011        1.070736       -1.374782        3.493584       -6.273284
ft(-1)                      6.477362       -0.416226       -1.160291       -0.298129        0.776435       -1.341515        2.744803
rt(-1)                     -2.201071        0.438258        0.302871               0               0               0               0
e_a                       -17.163610        1.102910        2.891590        1.127091       -1.447139        3.677457       -6.603456
e_f                         6.818276       -0.438133       -1.221359       -0.313820        0.817300       -1.412121        2.889266
pt(-1),pt(-1)               0.071763       -0.002533       -0.001751               0               0               0               0
ct(-1),pt(-1)               0.720831        0.222364        0.153671               0               0               0               0
ct(-1),ct(-1)              11.494152        0.558390        0.385892               0               0               0               0
at(-1),pt(-1)               1.584985        0.157794        0.413702               0               0               0               0
at(-1),ct(-1)              24.665718        2.455610        6.438078               0               0               0               0
at(-1),at(-1)              32.459503        0.528030        5.492324        1.807271        3.809695       10.289381      -17.236803
ft(-1),pt(-1)              -0.629638       -0.062684       -0.174741               0               0               0               0
ft(-1),ct(-1)              -9.798503       -0.975496       -2.719335               0               0               0               0
ft(-1),at(-1)             -12.936026       -1.245449       -7.280343       -1.408510       -2.058859       -8.463274       18.785568
ft(-1),ft(-1)              -2.111394        0.548162        2.421731        0.358408       -0.008008        2.086055       -5.604142
rt(-1),pt(-1)               0.213957        0.066002        0.045613               0               0               0               0
rt(-1),ct(-1)               3.329626        1.027130        0.709829               0               0               0               0
rt(-1),at(-1)               7.321279        0.728874        1.910950               0               0               0               0
rt(-1),ft(-1)              -2.908392       -0.289547       -0.807153               0               0               0               0
rt(-1),rt(-1)               1.531169       -0.054046       -0.037350               0               0               0               0
e_a,e_a                    35.966208        0.585075        6.085677        2.002516        4.221268       11.400976      -19.098951
e_f,e_a                   -14.333547       -1.379999       -8.066863       -1.560676       -2.281284       -9.377589       20.815033
e_f,e_f                    -2.339495        0.607381        2.683358        0.397128       -0.008873        2.311419       -6.209575
pt(-1),e_a                  1.668405        0.166099        0.435476               0               0               0               0
pt(-1),e_f                 -0.662777       -0.065983       -0.183938               0               0               0               0
ct(-1),e_a                 25.963914        2.584853        6.776924               0               0               0               0
ct(-1),e_f                -10.314214       -1.026838       -2.862457               0               0               0               0
at(-1),e_a                 68.335795        1.111643       11.562787        3.804781        8.020410       21.661855      -36.288006
at(-1),e_f                -13.616870       -1.310999       -7.663519       -1.482642       -2.167220       -8.908710       19.774282
ft(-1),e_a                -13.616870       -1.310999       -7.663519       -1.482642       -2.167220       -8.908710       19.774282
ft(-1),e_f                 -4.445040        1.154025        5.098381        0.754543       -0.016859        4.391695      -11.798193
rt(-1),e_a                  7.706610        0.767236        2.011527               0               0               0               0
rt(-1),e_f                 -3.061465       -0.304786       -0.849635               0               0               0               0


APPROXIMATED THEORETICAL MOMENTS
VARIABLE         MEAN  STD. DEV.   VARIANCE
pt             4.8999     0.1495     0.0223
ct             0.6310     0.0115     0.0001
kt             0.4365     0.0263     0.0007
x1             1.1621     0.0118     0.0001
x2             1.1934     0.0168     0.0003
xt1            1.3956     0.0399     0.0016
it             0.0808     0.0730     0.0053



APPROXIMATED VARIANCE DECOMPOSITION (in percent)
          e_a     e_f
pt      87.64   12.36
ct      76.35   23.65
kt      86.12   13.88
x1      92.81    7.19
x2      75.82   24.18
xt1     87.15   12.85
it      83.93   16.07



APPROXIMATED MATRIX OF CORRELATIONS
Variables        pt      ct      kt      x1      x2     xt1      it
pt           1.0000 -0.5586 -0.9956 -0.9261  0.9114 -0.9268  0.9242
ct          -0.5586  1.0000  0.4816  0.2169 -0.1864  0.2063 -0.2006
kt          -0.9956  0.4816  1.0000  0.9519 -0.9458  0.9562 -0.9552
x1          -0.9261  0.2169  0.9519  1.0000 -0.9707  0.9955 -0.9901
x2           0.9114 -0.1864 -0.9458 -0.9707  1.0000 -0.9891  0.9948
xt1         -0.9268  0.2063  0.9562  0.9955 -0.9891  1.0000 -0.9990
it           0.9242 -0.2006 -0.9552 -0.9901  0.9948 -0.9990  1.0000



APPROXIMATED COEFFICIENTS OF AUTOCORRELATION
Order          1       2       3       4       5
pt        0.9204  0.8460  0.7765  0.7117  0.6512
ct        0.9408  0.8849  0.8322  0.7825  0.7356
kt        0.9257  0.8561  0.7911  0.7302  0.6732
x1        0.9500  0.9025  0.8574  0.8145  0.7738
x2        0.9500  0.9025  0.8574  0.8145  0.7738
xt1       0.9500  0.9025  0.8574  0.8145  0.7738
it        0.9500  0.9025  0.8574  0.8145  0.7738
-----------------
-----------------
f at the beginning of new iteration,        10.1678519293
x =               0
Predicted improvement:        0.000000002
lambda =          1; f =           10.1678519
lambda =     1.9332; f =           10.1678519
lambda =     3.7372; f =           10.1678519
lambda =     7.2247; f =           10.1678519
lambda =     13.967; f =           10.1678519
lambda =         27; f =           10.1678518
lambda =     52.196; f =           10.1678518
lambda =      100.9; f =           10.1678516
lambda =     195.07; f =           10.1678513
lambda =      377.1; f =           10.1678507
lambda =        729; f =           10.1678495
lambda =     1409.3; f =           10.1678472
lambda =     2724.4; f =           10.1678429
lambda =     5266.8; f =           10.1678344
lambda =      10182; f =           10.1678180
lambda =      19683; f =           10.1677862
lambda =      38051; f =           10.1677243
lambda =      73559; f =           10.1676031
lambda =  1.422e+05; f =           10.1673633
lambda =  2.749e+05; f =           10.1668794
lambda = 5.3144e+05; f =           10.1658754
lambda = 1.0274e+06; f =           10.1638798
lambda = 1.9861e+06; f =           10.1727054
lambda = 1.3373e+06; f =           10.1631262
lambda = 1.6955e+06; f =           10.1647194
Norm of dx 5.7666e-07

ih =

     1

----
Improvement on iteration 1 =        0.004725766
-----------------
-----------------
f at the beginning of new iteration,        10.1631261638
x =      0.77118834
Predicted improvement:        0.000104580
lambda =          1; f =           10.1643224
lambda =    0.33333; f =           10.1631699
lambda =    0.11111; f =           10.1631143
Norm of dx    0.18636

ih =

     1

----
Improvement on iteration 2 =        0.000011823
-----------------
-----------------
f at the beginning of new iteration,        10.1631143408
x =      0.79189525
Predicted improvement:        0.000000000
lambda =          1; f =           10.1631143
Norm of dx 0.00013043

ih =

     1

----
Improvement on iteration 3 =        0.000000000
-----------------
-----------------
f at the beginning of new iteration,        10.1631143403
x =      0.79176482
Predicted improvement:        0.000000000
lambda =          1; f =           10.1631143
Norm of dx 8.7737e-06

ih =

     1

----
Improvement on iteration 4 =        0.000000000
improvement < crit termination
Total computing time : 0h00m02s
