Starting preprocessing of the model file ...
Found 25 equation(s).
Evaluating expressions...done
Computing static model derivatives (order 1).
Computing dynamic model derivatives (order 2).
Processing outputs ...
done
Preprocessing completed.

STEADY-STATE RESULTS:

Ft      		 0.327729
ht      		 1.01776
xi      		 1.08799
xf      		 1.58104
xt      		 1.5263
xt1     		 1.4059
x1      		 1.07854
pt      		 12.4955
mt      		 0.997154
Tt      		 0.103251
lt      		 0
qt      		 0.950228
kt      		 0.310228
it      		 0.0597387
x2      		 1.09769
ct      		 0.64
At      		 1
at      		 0
ft      		 2.75845
rt      		 0.741521
welf    		 -1.32108
util    		 -0.5625
welfeq  		 -1.32108
welfgap 		 0
t       		 0.11

EIGENVALUES:
         Modulus             Real        Imaginary

       2.289e-16       -2.289e-16                0
       2.032e-15        2.032e-15                0
          0.7993           0.7993                0
            0.95             0.95                0
            0.95             0.95                0
           1.742            1.742                0
            2.52             2.52                0
       3.715e+16       -3.715e+16                0


There are 3 eigenvalue(s) larger than 1 in modulus 
for 3 forward-looking variable(s)

The rank condition is verified.


MODEL SUMMARY

  Number of variables:         25
  Number of stochastic shocks: 2
  Number of state variables:   5
  Number of jumpers:           3
  Number of static variables:  17


MATRIX OF COVARIANCE OF EXOGENOUS SHOCKS
Variables         e_a       e_f
e_a          0.000010  0.000000
e_f          0.000000  0.000010

POLICY AND TRANSITION FUNCTIONS
                                  pt              ct              kt              x1              x2             xt1              it
Constant                   12.496838        0.639966        0.310192        1.078445        1.097747        1.405546        0.060202
(correction)                0.001325       -0.000034       -0.000036       -0.000095        0.000058       -0.000359        0.000463
pt(-1)                     -0.450151        0.037137        0.018002               0               0               0               0
ct(-1)                    -17.577713        1.450151        0.702934               0               0               0               0
at(-1)                    -33.063763        0.846736        1.274313        1.622139       -0.998509        5.593688       -7.943151
ft(-1)                      8.865536       -0.227039       -0.350870       -0.416332        0.425709       -1.698448        2.546634
rt(-1)                     -3.229859        0.266461        0.129162               0               0               0               0
e_a                       -34.803961        0.891301        1.341382        1.707515       -1.051062        5.888093       -8.361212
e_f                         9.332143       -0.238989       -0.369337       -0.438245        0.448115       -1.787840        2.680667
pt(-1),pt(-1)               0.026121       -0.000409       -0.000198               0               0               0               0
ct(-1),pt(-1)               0.633237        0.084148        0.040789               0               0               0               0
ct(-1),ct(-1)              26.096066        0.509990        0.247208               0               0               0               0
at(-1),pt(-1)               1.191123        0.049133        0.073944               0               0               0               0
at(-1),ct(-1)              46.511525        1.918587        2.887416               0               0               0               0
at(-1),at(-1)             146.216719       -2.064112       -2.742496       -1.604827        6.410490        1.630990       -7.074887
ft(-1),pt(-1)              -0.319381       -0.013174       -0.020360               0               0               0               0
ft(-1),ct(-1)             -12.471344       -0.514439       -0.795023               0               0               0               0
ft(-1),at(-1)             -74.741153        1.012925        1.147289        1.014983       -3.562408       -1.307119        6.986623
ft(-1),ft(-1)               7.840803       -0.079984       -0.030384       -0.104098        0.428146        0.470033       -1.849764
rt(-1),pt(-1)               0.116356        0.015462        0.007495               0               0               0               0
rt(-1),ct(-1)               4.543514        0.603765        0.292664               0               0               0               0
rt(-1),at(-1)               8.546372        0.352535        0.530555               0               0               0               0
rt(-1),ft(-1)              -2.291577       -0.094527       -0.146083               0               0               0               0
rt(-1),rt(-1)               1.344739       -0.021032       -0.010195               0               0               0               0
e_a,e_a                   162.012985       -2.287104       -3.038777       -1.778202        7.103036        1.807191       -7.839210
e_f,e_a                   -82.815682        1.122354        1.271235        1.124635       -3.947267       -1.448331        7.741410
e_f,e_f                     8.687870       -0.088625       -0.033667       -0.115344        0.474400        0.520812       -2.049600
pt(-1),e_a                  1.253813        0.051719        0.077836               0               0               0               0
pt(-1),e_f                 -0.336191       -0.013868       -0.021431               0               0               0               0
ct(-1),e_a                 48.959500        2.019565        3.039385               0               0               0               0
ct(-1),e_f                -13.127731       -0.541515       -0.836867               0               0               0               0
at(-1),e_a                307.824672       -4.345498       -5.773677       -3.378584       13.495768        3.433664      -14.894498
at(-1),e_f                -78.674898        1.066236        1.207673        1.068403       -3.749903       -1.375915        7.354340
ft(-1),e_a                -78.674898        1.066236        1.207673        1.068403       -3.749903       -1.375915        7.354340
ft(-1),e_f                 16.506953       -0.168387       -0.063967       -0.219155        0.901360        0.989543       -3.894240
rt(-1),e_a                  8.996181        0.371090        0.558479               0               0               0               0
rt(-1),e_f                 -2.412186       -0.099502       -0.153772               0               0               0               0


APPROXIMATED THEORETICAL MOMENTS
VARIABLE         MEAN  STD. DEV.   VARIANCE
pt            12.4842     0.1979     0.0391
ct             0.6423     0.0238     0.0006
kt             0.3107     0.0078     0.0001
x1             1.0783     0.0179     0.0003
x2             1.0985     0.0116     0.0001
xt1            1.4058     0.0623     0.0039
it             0.0592     0.0889     0.0079



APPROXIMATED VARIANCE DECOMPOSITION (in percent)
          e_a     e_f
pt      75.59   24.41
ct      74.99   25.01
kt      74.61   25.39
x1      93.82    6.18
x2      84.62   15.38
xt1     91.56    8.44
it      90.68    9.32



APPROXIMATED MATRIX OF CORRELATIONS
Variables        pt      ct      kt      x1      x2     xt1      it
pt           1.0000 -0.5184 -0.9980 -0.1947  0.1422 -0.1801  0.1748
ct          -0.5184  1.0000  0.5709 -0.7377  0.7651 -0.7474  0.7505
kt          -0.9980  0.5709  1.0000  0.1329 -0.0820  0.1185 -0.1134
x1          -0.1947 -0.7377  0.1329  1.0000 -0.9885  0.9991 -0.9983
x2           0.1422  0.7651 -0.0820 -0.9885  1.0000 -0.9941  0.9957
xt1         -0.1801 -0.7474  0.1185  0.9991 -0.9941  1.0000 -0.9999
it           0.1748  0.7505 -0.1134 -0.9983  0.9957 -0.9999  1.0000



APPROXIMATED COEFFICIENTS OF AUTOCORRELATION
Order          1       2       3       4       5
pt        0.8008  0.6415  0.5141  0.4122  0.3307
ct        0.9813  0.9572  0.9293  0.8988  0.8666
kt        0.8072  0.6526  0.5288  0.4294  0.3496
x1        0.9500  0.9025  0.8574  0.8145  0.7738
x2        0.9500  0.9025  0.8574  0.8145  0.7738
xt1       0.9500  0.9025  0.8574  0.8145  0.7738
it        0.9500  0.9025  0.8574  0.8145  0.7738

outvalue =

    0.0079


outvalue =

    0.0079


outvalue =

   -3.6613


outvalue =

   -3.6610


outvalue =

   -3.6604


outvalue =

   -3.6596


outvalue =

   -3.6582


outvalue =

   -3.6558


outvalue =

   -3.6518


outvalue =

   -3.6453


outvalue =

   -3.6344


outvalue =

   -3.6164


outvalue =

   -3.5868


outvalue =

   -3.5385


outvalue =

   -3.4608


outvalue =

   -3.3386


outvalue =

   -3.1531


outvalue =

   -2.8857


outvalue =

   -2.5281


outvalue =

   -2.0951


outvalue =

   -1.6291


outvalue =

   -1.1876


outvalue =

   -0.8169


outvalue =

   -0.5359


outvalue =

   -0.3389


outvalue =

   -0.2083


outvalue =

   -0.1250


outvalue =

   -0.0730


outvalue =

   -0.0410


outvalue =

   -0.0216


outvalue =

   -0.0099


outvalue =

   -0.0028


outvalue =

   -0.0028


outvalue =

   2.0823e-06


outvalue =

   5.7361e-06


outvalue =

   3.2622e-12


MODEL SUMMARY

  Number of variables:         25
  Number of stochastic shocks: 2
  Number of state variables:   5
  Number of jumpers:           3
  Number of static variables:  17


MATRIX OF COVARIANCE OF EXOGENOUS SHOCKS
Variables         e_a       e_f
e_a          0.000010  0.000000
e_f          0.000000  0.000010

POLICY AND TRANSITION FUNCTIONS
                                  pt              ct              kt              x1              x2             xt1              it
Constant                   12.496838        0.639966        0.310192        1.078445        1.097747        1.405546        0.060202
(correction)                0.001325       -0.000034       -0.000036       -0.000095        0.000058       -0.000359        0.000463
pt(-1)                     -0.450151        0.037137        0.018002               0               0               0               0
ct(-1)                    -17.577713        1.450151        0.702934               0               0               0               0
at(-1)                    -33.063763        0.846736        1.274313        1.622139       -0.998509        5.593688       -7.943151
ft(-1)                      8.865536       -0.227039       -0.350870       -0.416332        0.425709       -1.698448        2.546634
rt(-1)                     -3.229859        0.266461        0.129162               0               0               0               0
e_a                       -34.803961        0.891301        1.341382        1.707515       -1.051062        5.888093       -8.361212
e_f                         9.332143       -0.238989       -0.369337       -0.438245        0.448115       -1.787840        2.680667
pt(-1),pt(-1)               0.026121       -0.000409       -0.000198               0               0               0               0
ct(-1),pt(-1)               0.633237        0.084148        0.040789               0               0               0               0
ct(-1),ct(-1)              26.096066        0.509990        0.247208               0               0               0               0
at(-1),pt(-1)               1.191123        0.049133        0.073944               0               0               0               0
at(-1),ct(-1)              46.511525        1.918587        2.887416               0               0               0               0
at(-1),at(-1)             146.216719       -2.064112       -2.742496       -1.604827        6.410490        1.630990       -7.074887
ft(-1),pt(-1)              -0.319381       -0.013174       -0.020360               0               0               0               0
ft(-1),ct(-1)             -12.471344       -0.514439       -0.795023               0               0               0               0
ft(-1),at(-1)             -74.741153        1.012925        1.147289        1.014983       -3.562408       -1.307119        6.986623
ft(-1),ft(-1)               7.840803       -0.079984       -0.030384       -0.104098        0.428146        0.470033       -1.849764
rt(-1),pt(-1)               0.116356        0.015462        0.007495               0               0               0               0
rt(-1),ct(-1)               4.543514        0.603765        0.292664               0               0               0               0
rt(-1),at(-1)               8.546372        0.352535        0.530555               0               0               0               0
rt(-1),ft(-1)              -2.291577       -0.094527       -0.146083               0               0               0               0
rt(-1),rt(-1)               1.344739       -0.021032       -0.010195               0               0               0               0
e_a,e_a                   162.012985       -2.287104       -3.038777       -1.778202        7.103036        1.807191       -7.839210
e_f,e_a                   -82.815682        1.122354        1.271235        1.124635       -3.947267       -1.448331        7.741410
e_f,e_f                     8.687870       -0.088625       -0.033667       -0.115344        0.474400        0.520812       -2.049600
pt(-1),e_a                  1.253813        0.051719        0.077836               0               0               0               0
pt(-1),e_f                 -0.336191       -0.013868       -0.021431               0               0               0               0
ct(-1),e_a                 48.959500        2.019565        3.039385               0               0               0               0
ct(-1),e_f                -13.127731       -0.541515       -0.836867               0               0               0               0
at(-1),e_a                307.824672       -4.345498       -5.773677       -3.378584       13.495768        3.433664      -14.894498
at(-1),e_f                -78.674898        1.066236        1.207673        1.068403       -3.749903       -1.375915        7.354340
ft(-1),e_a                -78.674898        1.066236        1.207673        1.068403       -3.749903       -1.375915        7.354340
ft(-1),e_f                 16.506953       -0.168387       -0.063967       -0.219155        0.901360        0.989543       -3.894240
rt(-1),e_a                  8.996181        0.371090        0.558479               0               0               0               0
rt(-1),e_f                 -2.412186       -0.099502       -0.153772               0               0               0               0


APPROXIMATED THEORETICAL MOMENTS
VARIABLE         MEAN  STD. DEV.   VARIANCE
pt            12.4842     0.1979     0.0391
ct             0.6423     0.0238     0.0006
kt             0.3107     0.0078     0.0001
x1             1.0783     0.0179     0.0003
x2             1.0985     0.0116     0.0001
xt1            1.4058     0.0623     0.0039
it             0.0592     0.0889     0.0079



APPROXIMATED VARIANCE DECOMPOSITION (in percent)
          e_a     e_f
pt      75.59   24.41
ct      74.99   25.01
kt      74.61   25.39
x1      93.82    6.18
x2      84.62   15.38
xt1     91.56    8.44
it      90.68    9.32



APPROXIMATED MATRIX OF CORRELATIONS
Variables        pt      ct      kt      x1      x2     xt1      it
pt           1.0000 -0.5184 -0.9980 -0.1947  0.1422 -0.1801  0.1748
ct          -0.5184  1.0000  0.5709 -0.7377  0.7651 -0.7474  0.7505
kt          -0.9980  0.5709  1.0000  0.1329 -0.0820  0.1185 -0.1134
x1          -0.1947 -0.7377  0.1329  1.0000 -0.9885  0.9991 -0.9983
x2           0.1422  0.7651 -0.0820 -0.9885  1.0000 -0.9941  0.9957
xt1         -0.1801 -0.7474  0.1185  0.9991 -0.9941  1.0000 -0.9999
it           0.1748  0.7505 -0.1134 -0.9983  0.9957 -0.9999  1.0000



APPROXIMATED COEFFICIENTS OF AUTOCORRELATION
Order          1       2       3       4       5
pt        0.8008  0.6415  0.5141  0.4122  0.3307
ct        0.9813  0.9572  0.9293  0.8988  0.8666
kt        0.8072  0.6526  0.5288  0.4294  0.3496
x1        0.9500  0.9025  0.8574  0.8145  0.7738
x2        0.9500  0.9025  0.8574  0.8145  0.7738
xt1       0.9500  0.9025  0.8574  0.8145  0.7738
it        0.9500  0.9025  0.8574  0.8145  0.7738
Total computing time : 0h00m33s
